[INFO] Scanning for projects...
[INFO] ------------------------------------------------------------------------
[INFO] Reactor Build Order:
[INFO] 
[INFO] examples
[INFO] helloworld Maven Webapp
[INFO] mcHelloWorld
[INFO] wbFileAgent Maven Webapp
[INFO] petstore Maven Webapp
[INFO] jmsDemo Maven Webapp
[INFO] springIntegration Maven Webapp
[INFO] ejbIntegration Maven Webapp
[INFO] todos
[INFO] todoService
[INFO] todoViewService
[INFO] todosUI Maven Webapp
[INFO] activeMQ
[INFO]                                                                         
[INFO] ------------------------------------------------------------------------
[INFO] Building examples 1.2.1-SNAPSHOT
[INFO] ------------------------------------------------------------------------
[INFO] 
[INFO] --- maven-install-plugin:2.4:install (default-install) @ examples ---
[INFO] Installing D:\Workspace\simplity\examples\pom.xml to D:\Repo\.m2\org\simplity\examples\examples\1.2.1-SNAPSHOT\examples-1.2.1-SNAPSHOT.pom
[INFO]                                                                         
[INFO] ------------------------------------------------------------------------
[INFO] Building helloworld Maven Webapp 1.2.1-SNAPSHOT
[INFO] ------------------------------------------------------------------------
[INFO] 
[INFO] --- properties-maven-plugin:1.0-alpha-2:read-project-properties (default) @ helloworld ---
[INFO] 
[INFO] --- sql-maven-plugin:1.5:execute (create-db) @ helloworld ---
[INFO] Executing file: C:\Users\chetana_shanbhag\AppData\Local\Temp\schema.2043456802sql
[INFO] 102 of 102 SQL statements executed successfully
[INFO] 
[INFO] --- maven-resources-plugin:2.6:resources (default-resources) @ helloworld ---
[WARNING] File encoding has not been set, using platform encoding Cp1252, i.e. build is platform dependent!
[WARNING] Using platform encoding (Cp1252 actually) to copy filtered resources, i.e. build is platform dependent!
[INFO] Copying 55 resources
[INFO] 
[INFO] --- maven-compiler-plugin:3.1:compile (default-compile) @ helloworld ---
[INFO] Nothing to compile - all classes are up to date
[INFO] 
[INFO] --- maven-resources-plugin:2.6:testResources (default-testResources) @ helloworld ---
[WARNING] File encoding has not been set, using platform encoding Cp1252, i.e. build is platform dependent!
[WARNING] Using platform encoding (Cp1252 actually) to copy filtered resources, i.e. build is platform dependent!
[INFO] Copying 55 resources
[INFO] 
[INFO] --- maven-compiler-plugin:3.1:testCompile (default-testCompile) @ helloworld ---
[INFO] Nothing to compile - all classes are up to date
[INFO] 
[INFO] --- maven-surefire-plugin:2.12.4:test (default-test) @ helloworld ---
[INFO] Surefire report directory: D:\Workspace\simplity\examples\helloworld\target\surefire-reports

-------------------------------------------------------
 T E S T S
-------------------------------------------------------
Running org.simplity.examples.HelloWorldTest

Bootstrapping with /D:/Workspace/simplity/examples/helloworld/target/test-classes/comp

component folder set to /D:/Workspace/simplity/examples/helloworld/target/test-classes/comp/

0 java class names loaded as services.

Going to load components from /D:/Workspace/simplity/examples/helloworld/target/test-classes/comp/dt/custom.xml

Going to load components from /D:/Workspace/simplity/examples/helloworld/target/test-classes/comp/dt/kernel.xml

24 DataType loaded.

Going to load components from /D:/Workspace/simplity/examples/helloworld/target/test-classes/comp/msg/custom.xml

Going to load components from /D:/Workspace/simplity/examples/helloworld/target/test-classes/comp/msg/kernel.xml

25 Message loaded.

Going to load components from /D:/Workspace/simplity/examples/helloworld/target/test-classes/comp/fn/modifydata.xml

1 Function loaded.

components pre-loaded

dbVendor is set to H2

Driver class name org.h2.Driver invoked successfully

Database connection for H2 established successfully using a valid connection string. Default schema is PUBLIC

Checking connection string for additional schemas

Additional connection string validated for schema TESTSCHEMA

Logging framework is set to LOG4J_CLASSIC. Will try to locate the right class and connect to it.
log4j: reset attribute= "false".
log4j: Threshold ="null".
log4j: Level value for root is  [DEBUG].
log4j: root level set to DEBUG
log4j: Class name: [org.apache.log4j.ConsoleAppender]
log4j: Parsing layout of class: "org.apache.log4j.PatternLayout"
log4j: Setting property [conversionPattern] to [%d{yyyy-MM-dd HH:mm:ss} %-5p %c{1}:%L - %m%n].
log4j: Adding appender named [console] to category [root].
2017-06-09 13:25:51 INFO  service:231 - 
Service logs successfully diverted to the logging framework LOG4J_CLASSIC
2017-06-09 13:25:52 INFO  service:231 - 
Trying to generate service fileactions.fileProcessing on-the-fly
2017-06-09 13:25:52 INFO  service:231 - 
Scheduler started for Batch batch

2017-06-09 13:25:52 INFO  service:231 - 
Job status set to  RUNNING
2017-06-09 13:25:52 INFO  service:231 - 
No input received from client
2017-06-09 13:25:52 INFO  service:231 - 
Web Agent is given a green signal by Startup to start serving.
2017-06-09 13:25:52 INFO  service:231 - 
Trying to generate service login on-the-fly
2017-06-09 13:25:52 INFO  service:231 - 
2 fields extracted for input
2017-06-09 13:25:52 INFO  service:231 - 
Values at log action _a0
2017-06-09 13:25:52 INFO  service:231 - 
_userId = 100
2017-06-09 13:25:52 INFO  service:231 - 
_userToken = abrakadabra
2017-06-09 13:25:52 INFO  service:231 - 
_isAutoLogin = 1
2017-06-09 13:25:52 INFO  service:231 - 
Action _a0 finished with result=1 in 1 ms
2017-06-09 13:25:52 INFO  service:231 - 
Action _a1 finished with result=null in 0 ms
2017-06-09 13:25:52 INFO  service:231 - 
Action auto finished with result=1 in 0 ms
2017-06-09 13:25:52 INFO  service:231 - 
Condition ~isAutoLogin and hence skipping this action.
2017-06-09 13:25:52 INFO  service:231 - 
Action authenticate finished with result=null in 3 ms
2017-06-09 13:25:52 INFO  service:231 - 
Values at log action _a4
2017-06-09 13:25:52 INFO  service:231 - 
_userId = 100
2017-06-09 13:25:52 INFO  service:231 - 
_userToken = abrakadabra
2017-06-09 13:25:52 INFO  service:231 - 
_isAutoLogin = 1
2017-06-09 13:25:52 INFO  service:231 - 
Action _a4 finished with result=1 in 1 ms
2017-06-09 13:25:52 INFO  service:231 - 
Trying to generate service login on-the-fly
2017-06-09 13:25:52 INFO  service:231 - 
Going to load components from /D:/Workspace/simplity/examples/helloworld/target/test-classes/comp/msg/custom.xml for validation
2017-06-09 13:25:52 INFO  service:231 - 
Going to load components from /D:/Workspace/simplity/examples/helloworld/target/test-classes/comp/msg/kernel.xml for validation
2017-06-09 13:25:52 INFO  service:231 - 
Going to load components from /D:/Workspace/simplity/examples/helloworld/target/test-classes/comp/dt/custom.xml for validation
2017-06-09 13:25:52 INFO  service:231 - 
Action _a0 finished with result=D:\\Workspace\\simplity\\examples\\helloworld/infile in 0 ms
2017-06-09 13:25:52 INFO  service:231 - 
Action _a1 finished with result=txt01.txt in 0 ms
2017-06-09 13:25:52 INFO  service:231 - 
Action _a2 finished with result=D:\\Workspace\\simplity\\examples\\helloworld/target in 0 ms
2017-06-09 13:25:52 INFO  service:231 - 
Going to load components from /D:/Workspace/simplity/examples/helloworld/target/test-classes/comp/dt/kernel.xml for validation
2017-06-09 13:25:52 INFO  service:231 - 
Going to process files in folder D:\\Workspace\\simplity\\examples\\helloworld/infile/
2017-06-09 13:25:52 INFO  service:231 - 
Trying to generate service fileactions.insertRows on-the-fly
2017-06-09 13:25:52 INFO  service:231 - 
service fileactions.insertRows started as sub service.
2017-06-09 13:25:52 INFO  service:231 - 
Values at log action allOK
2017-06-09 13:25:52 INFO  service:231 - 
_lineNum = 1
2017-06-09 13:25:52 INFO  service:231 - 
_rowText = 01 jack abcd
2017-06-09 13:25:52 INFO  service:231 - 
id = 1
2017-06-09 13:25:52 INFO  service:231 - 
name = jack
2017-06-09 13:25:52 INFO  service:231 - 
address = abcd
2017-06-09 13:25:52 INFO  service:231 - 
Action allOK finished with result=1 in 3 ms
2017-06-09 13:25:52 INFO  service:231 - 
1 rows affected.
2017-06-09 13:25:52 INFO  service:231 - 
Action saveAction finished with result=1 in 5 ms
2017-06-09 13:25:52 INFO  service:231 - 
Going to close a connection of type READ_WRITE with allOK = true
2017-06-09 13:25:52 INFO  service:231 - 
service fileactions.insertRows returned control back.
2017-06-09 13:25:52 INFO  service:231 - 
Trying to generate service fileactions.processErrorRow on-the-fly
2017-06-09 13:25:52 INFO  service:231 - 
service fileactions.processErrorRow started as sub service.
2017-06-09 13:25:52 INFO  service:231 - 
Action _a0 finished with result=hello from processrows in 0 ms
Hello
Error reported;Error while processing a row from batch driver input. Validation errors found in input file
null
2017-06-09 13:25:52 INFO  service:231 - 
Action _a1 finished with result=null in 1 ms
2017-06-09 13:25:52 INFO  service:231 - 
service fileactions.processErrorRow returned control back.
2017-06-09 13:25:52 INFO  service:231 - 
Trying to generate service fileactions.processErrorRow on-the-fly
2017-06-09 13:25:52 INFO  service:231 - 
service fileactions.processErrorRow started as sub service.
2017-06-09 13:25:52 INFO  service:231 - 
Action _a0 finished with result=hello from processrows in 0 ms
Hello
Error reported;Error while processing a row from batch driver input. Validation errors found in input file
null
This value is invalid
id
2017-06-09 13:25:52 INFO  service:231 - 
Action _a1 finished with result=null in 0 ms
2017-06-09 13:25:52 INFO  service:231 - 
service fileactions.processErrorRow returned control back.
2017-06-09 13:25:52 INFO  service:231 - 
Trying to generate service fileactions.insertRows on-the-fly
2017-06-09 13:25:52 INFO  service:231 - 
service fileactions.insertRows started as sub service.
2017-06-09 13:25:52 INFO  service:231 - 
Values at log action allOK
2017-06-09 13:25:52 INFO  service:231 - 
_lineNum = 3
2017-06-09 13:25:52 INFO  service:231 - 
_rowText = 03 john rest
2017-06-09 13:25:52 INFO  service:231 - 
id = 3
2017-06-09 13:25:52 INFO  service:231 - 
name = john
2017-06-09 13:25:52 INFO  service:231 - 
address = rest
2017-06-09 13:25:52 INFO  service:231 - 
Action allOK finished with result=1 in 4 ms
2017-06-09 13:25:52 INFO  service:231 - 
1 rows affected.
2017-06-09 13:25:52 INFO  service:231 - 
Action saveAction finished with result=1 in 3 ms
2017-06-09 13:25:52 INFO  service:231 - 
Going to close a connection of type READ_WRITE with allOK = true
2017-06-09 13:25:52 INFO  service:231 - 
service fileactions.insertRows returned control back.
2017-06-09 13:25:52 INFO  service:231 - 
Ignoring a row in child file txt01associate.txt with key  as there is no parent row for this.
2017-06-09 13:25:52 INFO  service:231 - 
Action _a3 finished with result=0 in 108 ms
2017-06-09 13:25:52 INFO  service:231 - 
Going to close a connection of type READ_ONLY with allOK = true
2017-06-09 13:25:52 INFO  service:231 - 
Service fileProcessing is designed to send no response.
2017-06-09 13:25:52 INFO  service:231 - 
Service fileactions.fileProcessing is done..
2017-06-09 13:25:52 INFO  service:231 - 
Reset to  DONE
2017-06-09 13:25:52 INFO  service:231 - 
Going to close a connection of type READ_ONLY with allOK = true
2017-06-09 13:25:52 INFO  service:231 - 
Going to close a connection of type READ_ONLY with allOK = true
2017-06-09 13:25:52 INFO  service:231 - 
Going to close a connection of type READ_ONLY with allOK = true
2017-06-09 13:25:52 INFO  service:231 - 
Going to close a connection of type READ_ONLY with allOK = true
2017-06-09 13:25:52 INFO  service:231 - 
Going to close a connection of type READ_ONLY with allOK = true
2017-06-09 13:25:52 INFO  service:231 - 
Going to close a connection of type READ_ONLY with allOK = true
2017-06-09 13:25:52 INFO  service:231 - 
Going to close a connection of type READ_ONLY with allOK = true
2017-06-09 13:25:53 INFO  service:231 - 
Trying to generate service batch.prepare on-the-fly
2017-06-09 13:25:53 INFO  service:231 - 
Trying to generate service batch.checkForWork on-the-fly
2017-06-09 13:25:53 INFO  service:231 - 
Trying to generate service batch.unitWork on-the-fly
2017-06-09 13:25:53 INFO  service:231 - 
Trying to generate service batch.wrapup on-the-fly
2017-06-09 13:25:53 INFO  service:231 - 
Trying to generate service dbactions.callSqlqueryCust on-the-fly
2017-06-09 13:25:53 INFO  service:231 - 
Trying to generate service dbactions.callSqlqueryTestSchema on-the-fly
2017-06-09 13:25:53 INFO  service:231 - 
Input Json : {}
2017-06-09 13:25:53 INFO  service:231 - 
Trying to generate service helloworld on-the-fly
2017-06-09 13:25:53 INFO  service:231 - 
Invoking service helloworld
2017-06-09 13:25:53 INFO  service:231 - 
We received input data, but this service is designed not to make use of input.
2017-06-09 13:25:53 INFO  service:231 - 
Action _a0 finished with result=Hello World! in 0 ms
2017-06-09 13:25:53 INFO  service:231 - 
helloworld responded with all OK signal
2017-06-09 13:25:53 INFO  service:231 - 
null
2017-06-09 13:25:53 INFO  service:231 - 
Output JSON : {"hello":"Hello World!","_messages":[]}
2017-06-09 13:25:53 INFO  service:231 - 
Input Json : {}
2017-06-09 13:25:53 INFO  service:231 - 
Trying to generate service dbactions.callFilterRec on-the-fly
2017-06-09 13:25:53 INFO  service:231 - 
Invoking service dbactions.callFilterRec
2017-06-09 13:25:53 INFO  service:231 - 
We received input data, but this service is designed not to make use of input.
2017-06-09 13:25:53 INFO  service:231 - 
11 rows extracted.
2017-06-09 13:25:53 INFO  service:231 - 
23 rows extracted.
2017-06-09 13:25:53 INFO  service:231 - 
Action _a0 finished with result=11 in 17 ms
2017-06-09 13:25:53 INFO  service:231 - 
Action _a1 finished with result=1 in 1 ms
2017-06-09 13:25:53 INFO  service:231 - 
Values at log action _a2
2017-06-09 13:25:53 INFO  service:231 - 
agentCode	agentName	workingArea	commission	phoneNo	country	mixedCol	
A003	Alex	London	0.13	075-12458969		A003Alex	
A008	Alford	New York	0.12	044-25874365		A008Alford	
A011	Ravi Kumar	Bangalore	0.15	077-45625874		A011Ravi Kumar	
A010	Santakumar	Chennai	0.14	007-22388644		A010Santakumar	
A012	Lucida	San Jose	0.12	044-52981425		A012Lucida	
A005	Anderson	Brisban	0.13	045-21447739		A005Anderson	
A001	Subbarao	Bangalore	0.14	077-12346674		A001Subbarao	
A002	Mukesh	Mumbai	0.11	029-12358964		A002Mukesh	
A006	McDen	London	0.15	078-22255588		A006McDen	
A004	Ivan	Torento	0.15	008-22544166		A004Ivan	
A009	Benjamin	Hampshair	0.11	008-22536178		A009Benjamin	
2017-06-09 13:25:53 INFO  service:231 - 
Action _a2 finished with result=1 in 1 ms
2017-06-09 13:25:53 INFO  service:231 - 
Going to close a connection of type READ_ONLY with allOK = true
2017-06-09 13:25:53 INFO  service:231 - 
dbactions.callFilterRec responded with all OK signal
2017-06-09 13:25:53 INFO  service:231 - 
null
2017-06-09 13:25:53 INFO  service:231 - 
Output JSON : {"agents":[{"agentCode":"A003","agentName":"Alex","workingArea":"London","commission":0.13,"phoneNo":"075-12458969","country":"","mixedCol":"A003Alex"},{"agentCode":"A008","agentName":"Alford","workingArea":"New York","commission":0.12,"phoneNo":"044-25874365","country":"","mixedCol":"A008Alford"},{"agentCode":"A011","agentName":"Ravi Kumar","workingArea":"Bangalore","commission":0.15,"phoneNo":"077-45625874","country":"","mixedCol":"A011Ravi Kumar"},{"agentCode":"A010","agentName":"Santakumar","workingArea":"Chennai","commission":0.14,"phoneNo":"007-22388644","country":"","mixedCol":"A010Santakumar"},{"agentCode":"A012","agentName":"Lucida","workingArea":"San Jose","commission":0.12,"phoneNo":"044-52981425","country":"","mixedCol":"A012Lucida"},{"agentCode":"A005","agentName":"Anderson","workingArea":"Brisban","commission":0.13,"phoneNo":"045-21447739","country":"","mixedCol":"A005Anderson"},{"agentCode":"A001","agentName":"Subbarao","workingArea":"Bangalore","commission":0.14,"phoneNo":"077-12346674","country":"","mixedCol":"A001Subbarao"},{"agentCode":"A002","agentName":"Mukesh","workingArea":"Mumbai","commission":0.11,"phoneNo":"029-12358964","country":"","mixedCol":"A002Mukesh"},{"agentCode":"A006","agentName":"McDen","workingArea":"London","commission":0.15,"phoneNo":"078-22255588","country":"","mixedCol":"A006McDen"},{"agentCode":"A004","agentName":"Ivan","workingArea":"Torento","commission":0.15,"phoneNo":"008-22544166","country":"","mixedCol":"A004Ivan"},{"agentCode":"A009","agentName":"Benjamin","workingArea":"Hampshair","commission":0.11,"phoneNo":"008-22536178","country":"","mixedCol":"A009Benjamin"}],"_messages":[]}
2017-06-09 13:25:53 INFO  service:231 - 
Input Json : {"custCode":"C00013"}
2017-06-09 13:25:53 INFO  service:231 - 
Trying to generate service dbactions.callSqlqueryCust on-the-fly
2017-06-09 13:25:53 INFO  service:231 - 
Invoking service dbactions.callSqlqueryCust
2017-06-09 13:25:53 INFO  service:231 - 
1 fields extracted for input
2017-06-09 13:25:53 INFO  service:231 - 
1 rows extracted.
2017-06-09 13:25:53 INFO  service:231 - 
Action _a0 finished with result=1 in 6 ms
2017-06-09 13:25:53 INFO  service:231 - 
Values at log action _a1
2017-06-09 13:25:53 INFO  service:231 - 
(Single row sheet)

2017-06-09 13:25:53 INFO  service:231 - 
Header:	custName	agentName
2017-06-09 13:25:53 INFO  service:231 - 
Data  :	Holmes	Alex
2017-06-09 13:25:53 INFO  service:231 - 
Action _a1 finished with result=1 in 1 ms
2017-06-09 13:25:53 INFO  service:231 - 
Going to close a connection of type READ_ONLY with allOK = true
2017-06-09 13:25:53 INFO  service:231 - 
dbactions.callSqlqueryCust responded with all OK signal
2017-06-09 13:25:53 INFO  service:231 - 
null
2017-06-09 13:25:53 INFO  service:231 - 
Output JSON : {"custRec":[{"custName":"Holmes","agentName":"Alex"}],"_messages":[]}
Tests run: 1, Failures: 0, Errors: 0, Skipped: 0, Time elapsed: 2.309 sec

Results :

Tests run: 1, Failures: 0, Errors: 0, Skipped: 0

[INFO] 
[INFO] --- maven-war-plugin:2.2:war (default-war) @ helloworld ---
[INFO] Packaging webapp
[INFO] Assembling webapp [helloworld] in [D:\Workspace\simplity\examples\helloworld\target\helloworld]
[INFO] Processing war project
[INFO] Copying webapp resources [D:\Workspace\simplity\examples\helloworld\src\main\webapp]
[INFO] Webapp assembled in [273 msecs]
[INFO] Building war: D:\Workspace\simplity\examples\helloworld\target\helloworld.war
[INFO] WEB-INF\web.xml already added, skipping
[INFO] 
[INFO] --- maven-install-plugin:2.4:install (default-install) @ helloworld ---
[INFO] Installing D:\Workspace\simplity\examples\helloworld\target\helloworld.war to D:\Repo\.m2\org\simplity\examples\helloworld\1.2.1-SNAPSHOT\helloworld-1.2.1-SNAPSHOT.war
[INFO] Installing D:\Workspace\simplity\examples\helloworld\pom.xml to D:\Repo\.m2\org\simplity\examples\helloworld\1.2.1-SNAPSHOT\helloworld-1.2.1-SNAPSHOT.pom
[INFO]                                                                         
[INFO] ------------------------------------------------------------------------
[INFO] Building mcHelloWorld 1.2.1-SNAPSHOT
[INFO] ------------------------------------------------------------------------
[INFO] 
[INFO] --- maven-resources-plugin:3.0.2:resources (default-resources) @ mcHelloWorld ---
[INFO] Using 'UTF-8' encoding to copy filtered resources.
[INFO] Copying 1 resource
[INFO] 
[INFO] --- maven-compiler-plugin:3.1:compile (default-compile) @ mcHelloWorld ---
[INFO] Nothing to compile - all classes are up to date
[INFO] 
[INFO] --- maven-resources-plugin:3.0.2:testResources (default-testResources) @ mcHelloWorld ---
[INFO] Using 'UTF-8' encoding to copy filtered resources.
[INFO] skip non existing resourceDirectory D:\Workspace\simplity\examples\mcHelloWorld\src\test\resources
[INFO] 
[INFO] --- maven-compiler-plugin:3.1:testCompile (default-testCompile) @ mcHelloWorld ---
[INFO] Nothing to compile - all classes are up to date
[INFO] 
[INFO] --- maven-surefire-plugin:2.12.4:test (default-test) @ mcHelloWorld ---
[INFO] Surefire report directory: D:\Workspace\simplity\examples\mcHelloWorld\target\surefire-reports

-------------------------------------------------------
 T E S T S
-------------------------------------------------------
Running org.simplity.examples.AppTest
Tests run: 1, Failures: 0, Errors: 0, Skipped: 0, Time elapsed: 0.013 sec

Results :

Tests run: 1, Failures: 0, Errors: 0, Skipped: 0

[INFO] 
[INFO] --- maven-jar-plugin:2.4:jar (default-jar) @ mcHelloWorld ---
[INFO] 
[INFO] --- maven-shade-plugin:3.0.0:shade (default) @ mcHelloWorld ---
[INFO] Including org.eclipse.jetty:jetty-server:jar:9.4.0.v20161208 in the shaded jar.
[INFO] Including javax.servlet:javax.servlet-api:jar:3.1.0 in the shaded jar.
[INFO] Including org.eclipse.jetty:jetty-http:jar:9.4.0.v20161208 in the shaded jar.
[INFO] Including org.eclipse.jetty:jetty-util:jar:9.4.0.v20161208 in the shaded jar.
[INFO] Including org.eclipse.jetty:jetty-io:jar:9.4.0.v20161208 in the shaded jar.
[INFO] Including org.eclipse.jetty:jetty-servlet:jar:9.4.0.v20161208 in the shaded jar.
[INFO] Including org.eclipse.jetty:jetty-security:jar:9.4.0.v20161208 in the shaded jar.
[INFO] Including org.simplity:kernel:jar:1.2.1-SNAPSHOT in the shaded jar.
[INFO] Including xerces:xercesImpl:jar:2.11.0 in the shaded jar.
[INFO] Including xml-apis:xml-apis:jar:1.4.01 in the shaded jar.
[INFO] Including org.apache.logging.log4j:log4j-api:jar:2.7 in the shaded jar.
[INFO] Including org.apache.logging.log4j:log4j-core:jar:2.7 in the shaded jar.
[WARNING] jetty-servlet-9.4.0.v20161208.jar, mcHelloWorld-1.2.1-SNAPSHOT.jar define 48 overlapping classes: 
[WARNING]   - org.eclipse.jetty.servlet.ServletHandler$Default404Servlet
[WARNING]   - org.eclipse.jetty.servlet.FilterMapping
[WARNING]   - org.eclipse.jetty.servlet.ErrorPageErrorHandler$PageLookupTechnique
[WARNING]   - org.eclipse.jetty.servlet.ServletContextHandler
[WARNING]   - org.eclipse.jetty.servlet.Holder$1
[WARNING]   - org.eclipse.jetty.servlet.FilterMapping$1
[WARNING]   - org.eclipse.jetty.servlet.ServletContextHandler$ServletContainerInitializerCaller
[WARNING]   - org.eclipse.jetty.servlet.Invoker
[WARNING]   - org.eclipse.jetty.servlet.FilterHolder
[WARNING]   - org.eclipse.jetty.servlet.ErrorPageErrorHandler$1
[WARNING]   - 38 more...
[WARNING] jetty-security-9.4.0.v20161208.jar, mcHelloWorld-1.2.1-SNAPSHOT.jar define 51 overlapping classes: 
[WARNING]   - org.eclipse.jetty.security.SpnegoUserPrincipal
[WARNING]   - org.eclipse.jetty.security.authentication.DigestAuthenticator
[WARNING]   - org.eclipse.jetty.security.UserDataConstraint
[WARNING]   - org.eclipse.jetty.security.PropertyUserStore$UserListener
[WARNING]   - org.eclipse.jetty.security.authentication.FormAuthenticator
[WARNING]   - org.eclipse.jetty.security.UserAuthentication
[WARNING]   - org.eclipse.jetty.security.DefaultAuthenticatorFactory
[WARNING]   - org.eclipse.jetty.security.SecurityHandler
[WARNING]   - org.eclipse.jetty.security.IdentityService
[WARNING]   - org.eclipse.jetty.security.AbstractLoginService
[WARNING]   - 41 more...
[WARNING] xml-apis-1.4.01.jar, mcHelloWorld-1.2.1-SNAPSHOT.jar define 346 overlapping classes: 
[WARNING]   - org.w3c.dom.css.CSSValueList
[WARNING]   - org.w3c.dom.ProcessingInstruction
[WARNING]   - org.w3c.dom.html.HTMLBodyElement
[WARNING]   - javax.xml.validation.SecuritySupport$6
[WARNING]   - javax.xml.transform.SecuritySupport$3
[WARNING]   - org.w3c.dom.Entity
[WARNING]   - org.w3c.dom.ls.LSParserFilter
[WARNING]   - org.w3c.dom.html.HTMLMetaElement
[WARNING]   - javax.xml.stream.events.ProcessingInstruction
[WARNING]   - javax.xml.transform.stax.StAXResult
[WARNING]   - 336 more...
[WARNING] mcHelloWorld-1.2.1-SNAPSHOT.jar, jetty-io-9.4.0.v20161208.jar define 84 overlapping classes: 
[WARNING]   - org.eclipse.jetty.io.AbstractEndPoint$2
[WARNING]   - org.eclipse.jetty.io.ChannelEndPoint$1
[WARNING]   - org.eclipse.jetty.io.WriteFlusher$FailedState
[WARNING]   - org.eclipse.jetty.io.ManagedSelector$Acceptor
[WARNING]   - org.eclipse.jetty.io.ByteBufferPool$Lease
[WARNING]   - org.eclipse.jetty.io.ManagedSelector$1
[WARNING]   - org.eclipse.jetty.io.ClientConnectionFactory
[WARNING]   - org.eclipse.jetty.io.ConnectionStatistics
[WARNING]   - org.eclipse.jetty.io.Connection$UpgradeTo
[WARNING]   - org.eclipse.jetty.io.LeakTrackingByteBufferPool$1
[WARNING]   - 74 more...
[WARNING] kernel-1.2.1-SNAPSHOT.jar, mcHelloWorld-1.2.1-SNAPSHOT.jar define 362 overlapping classes: 
[WARNING]   - org.simplity.kernel.value.ValueType
[WARNING]   - org.simplity.service.ServiceInterface
[WARNING]   - org.simplity.kernel.file.package-info
[WARNING]   - org.simplity.service.DataFormatter
[WARNING]   - org.simplity.kernel.data.CommonData$NameParts
[WARNING]   - org.simplity.kernel.dm.Field$1
[WARNING]   - org.simplity.kernel.ServiceLogger
[WARNING]   - org.simplity.test.TestResult
[WARNING]   - org.simplity.service.ResponseWriterException
[WARNING]   - org.simplity.json.JSONTokener
[WARNING]   - 352 more...
[WARNING] mcHelloWorld-1.2.1-SNAPSHOT.jar, jetty-server-9.4.0.v20161208.jar define 277 overlapping classes: 
[WARNING]   - org.eclipse.jetty.server.session.JDBCSessionDataStore$1
[WARNING]   - org.eclipse.jetty.server.handler.ThreadLimitHandler$RFC7239
[WARNING]   - org.eclipse.jetty.server.handler.ManagedAttributeListener
[WARNING]   - org.eclipse.jetty.server.ServletRequestHttpWrapper
[WARNING]   - org.eclipse.jetty.server.DebugListener$1
[WARNING]   - org.eclipse.jetty.server.ShutdownMonitor$1
[WARNING]   - org.eclipse.jetty.server.HttpInput$1
[WARNING]   - org.eclipse.jetty.server.UserIdentity$Scope
[WARNING]   - org.eclipse.jetty.server.session.AbstractSessionDataStoreFactory
[WARNING]   - org.eclipse.jetty.server.AsyncContextState$1
[WARNING]   - 267 more...
[WARNING] jetty-util-9.4.0.v20161208.jar, mcHelloWorld-1.2.1-SNAPSHOT.jar define 260 overlapping classes: 
[WARNING]   - org.eclipse.jetty.util.thread.strategy.ProduceExecuteConsume$Factory
[WARNING]   - org.eclipse.jetty.util.MemoryUtils$1
[WARNING]   - org.eclipse.jetty.util.resource.URLResource
[WARNING]   - org.eclipse.jetty.util.Scanner$DiscreteListener
[WARNING]   - org.eclipse.jetty.util.log.StacklessLogging
[WARNING]   - org.eclipse.jetty.util.preventers.Java2DLeakPreventer
[WARNING]   - org.eclipse.jetty.util.component.Dumpable
[WARNING]   - org.eclipse.jetty.util.IncludeExcludeSet$SetContainsPredicate
[WARNING]   - org.eclipse.jetty.util.resource.JarFileResource
[WARNING]   - org.eclipse.jetty.util.InetAddressSet$LegacyInetRange
[WARNING]   - 250 more...
[WARNING] log4j-api-2.7.jar, mcHelloWorld-1.2.1-SNAPSHOT.jar define 137 overlapping classes: 
[WARNING]   - org.apache.logging.log4j.ThreadContext$ContextStack
[WARNING]   - org.apache.logging.log4j.status.StatusData
[WARNING]   - org.apache.logging.log4j.message.DefaultFlowMessageFactory$SimpleEntryMessage
[WARNING]   - org.apache.logging.log4j.message.LoggerNameAwareMessage
[WARNING]   - org.apache.logging.log4j.spi.GarbageFreeSortedArrayThreadContextMap
[WARNING]   - org.apache.logging.log4j.message.SimpleMessageFactory
[WARNING]   - org.apache.logging.log4j.util.Supplier
[WARNING]   - org.apache.logging.log4j.message.ExtendedThreadInformation$1
[WARNING]   - org.apache.logging.log4j.util.EnglishEnums
[WARNING]   - org.apache.logging.log4j.spi.CopyOnWriteSortedArrayThreadContextMap$1
[WARNING]   - 127 more...
[WARNING] mcHelloWorld-1.2.1-SNAPSHOT.jar, jetty-http-9.4.0.v20161208.jar define 77 overlapping classes: 
[WARNING]   - org.eclipse.jetty.http.pathmap.PathSpec
[WARNING]   - org.eclipse.jetty.http.HttpParser$HttpHandler
[WARNING]   - org.eclipse.jetty.http.BadMessageException
[WARNING]   - org.eclipse.jetty.http.HttpGenerator$PreparedResponse
[WARNING]   - org.eclipse.jetty.http.HttpParser$1
[WARNING]   - org.eclipse.jetty.http.HttpParser$IllegalCharacterException
[WARNING]   - org.eclipse.jetty.http.PathMap$PathSet
[WARNING]   - org.eclipse.jetty.http.HttpField$IntValueHttpField
[WARNING]   - org.eclipse.jetty.http.PreEncodedHttpField$1
[WARNING]   - org.eclipse.jetty.http.HttpVersion
[WARNING]   - 67 more...
[WARNING] javax.servlet-api-3.1.0.jar, mcHelloWorld-1.2.1-SNAPSHOT.jar define 79 overlapping classes: 
[WARNING]   - javax.servlet.http.Cookie
[WARNING]   - javax.servlet.ServletContext
[WARNING]   - javax.servlet.Registration
[WARNING]   - javax.servlet.http.HttpSessionListener
[WARNING]   - javax.servlet.http.HttpSessionContext
[WARNING]   - javax.servlet.FilterChain
[WARNING]   - javax.servlet.http.WebConnection
[WARNING]   - javax.servlet.http.HttpServletRequestWrapper
[WARNING]   - javax.servlet.http.HttpSessionAttributeListener
[WARNING]   - javax.servlet.http.HttpSessionBindingListener
[WARNING]   - 69 more...
[WARNING] log4j-core-2.7.jar, mcHelloWorld-1.2.1-SNAPSHOT.jar define 860 overlapping classes: 
[WARNING]   - org.apache.logging.log4j.core.config.builder.api.AppenderComponentBuilder
[WARNING]   - org.apache.logging.log4j.core.net.server.UdpSocketServer
[WARNING]   - org.apache.logging.log4j.core.net.SslSocketManager$1
[WARNING]   - org.apache.logging.log4j.core.pattern.LineSeparatorPatternConverter
[WARNING]   - org.apache.logging.log4j.core.util.datetime.FastDatePrinter$Iso8601_Rule
[WARNING]   - org.apache.logging.log4j.core.config.properties.PropertiesConfiguration
[WARNING]   - org.apache.logging.log4j.core.config.json.JsonConfiguration$ErrorType
[WARNING]   - org.apache.logging.log4j.core.pattern.AbstractStyleNameConverter$White
[WARNING]   - org.apache.logging.log4j.core.appender.rolling.DefaultRolloverStrategy
[WARNING]   - org.apache.logging.log4j.core.layout.PatternLayout$PatternSelectorSerializer
[WARNING]   - 850 more...
[WARNING] mcHelloWorld-1.2.1-SNAPSHOT.jar, xercesImpl-2.11.0.jar define 952 overlapping classes: 
[WARNING]   - org.apache.xerces.parsers.AbstractSAXParser
[WARNING]   - org.apache.xerces.xni.grammars.XMLGrammarDescription
[WARNING]   - org.apache.xml.serialize.SerializerFactoryImpl
[WARNING]   - org.apache.wml.WMLTdElement
[WARNING]   - org.apache.xerces.impl.io.Latin1Reader
[WARNING]   - org.apache.xerces.dom.DOMXSImplementationSourceImpl
[WARNING]   - org.apache.xerces.impl.dv.xs.Base64BinaryDV
[WARNING]   - org.apache.xerces.parsers.XIncludeAwareParserConfiguration
[WARNING]   - org.apache.xml.serialize.HTMLdtd
[WARNING]   - org.apache.xerces.dom.ElementDefinitionImpl
[WARNING]   - 942 more...
[WARNING] maven-shade-plugin has detected that some class files are
[WARNING] present in two or more JARs. When this happens, only one
[WARNING] single version of the class is copied to the uber jar.
[WARNING] Usually this is not harmful and you can skip these warnings,
[WARNING] otherwise try to manually exclude artifacts based on
[WARNING] mvn dependency:tree -Ddetail=true and the above output.
[WARNING] See http://maven.apache.org/plugins/maven-shade-plugin/
[INFO] Replacing original artifact with shaded artifact.
[INFO] Replacing D:\Workspace\simplity\examples\mcHelloWorld\target\mcHelloWorld-1.2.1-SNAPSHOT.jar with D:\Workspace\simplity\examples\mcHelloWorld\target\mcHelloWorld-1.2.1-SNAPSHOT-shaded.jar
[INFO] Dependency-reduced POM written at: D:\Workspace\simplity\examples\mcHelloWorld\dependency-reduced-pom.xml
[INFO] 
[INFO] --- maven-install-plugin:2.4:install (default-install) @ mcHelloWorld ---
[INFO] Installing D:\Workspace\simplity\examples\mcHelloWorld\target\mcHelloWorld-1.2.1-SNAPSHOT.jar to D:\Repo\.m2\org\simplity\examples\mcHelloWorld\1.2.1-SNAPSHOT\mcHelloWorld-1.2.1-SNAPSHOT.jar
[INFO] Installing D:\Workspace\simplity\examples\mcHelloWorld\dependency-reduced-pom.xml to D:\Repo\.m2\org\simplity\examples\mcHelloWorld\1.2.1-SNAPSHOT\mcHelloWorld-1.2.1-SNAPSHOT.pom
[INFO] 
[INFO] --- maven-resources-plugin:3.0.2:copy-resources (copy-resources) @ mcHelloWorld ---
[INFO] Using 'UTF-8' encoding to copy filtered resources.
[INFO] Copying 5 resources
[INFO]                                                                         
[INFO] ------------------------------------------------------------------------
[INFO] Building wbFileAgent Maven Webapp 1.2.1-SNAPSHOT
[INFO] ------------------------------------------------------------------------
[INFO] 
[INFO] --- maven-resources-plugin:2.6:resources (default-resources) @ wbFileAgent ---
[WARNING] Using platform encoding (Cp1252 actually) to copy filtered resources, i.e. build is platform dependent!
[INFO] Copying 13 resources
[INFO] 
[INFO] --- maven-compiler-plugin:3.1:compile (default-compile) @ wbFileAgent ---
[INFO] Nothing to compile - all classes are up to date
[INFO] 
[INFO] --- maven-resources-plugin:2.6:testResources (default-testResources) @ wbFileAgent ---
[WARNING] Using platform encoding (Cp1252 actually) to copy filtered resources, i.e. build is platform dependent!
[INFO] skip non existing resourceDirectory D:\Workspace\simplity\examples\wbFileAgent\src\test\resources
[INFO] 
[INFO] --- maven-compiler-plugin:3.1:testCompile (default-testCompile) @ wbFileAgent ---
[INFO] No sources to compile
[INFO] 
[INFO] --- maven-surefire-plugin:2.12.4:test (default-test) @ wbFileAgent ---
[INFO] 
[INFO] --- maven-war-plugin:2.2:war (default-war) @ wbFileAgent ---
[INFO] Packaging webapp
[INFO] Assembling webapp [wbFileAgent] in [D:\Workspace\simplity\examples\wbFileAgent\target\wbFileAgent]
[INFO] Processing war project
[INFO] Copying webapp resources [D:\Workspace\simplity\examples\wbFileAgent\src\main\webapp]
[INFO] Webapp assembled in [69 msecs]
[INFO] Building war: D:\Workspace\simplity\examples\wbFileAgent\target\wbFileAgent.war
[INFO] WEB-INF\web.xml already added, skipping
[INFO] 
[INFO] --- maven-install-plugin:2.4:install (default-install) @ wbFileAgent ---
[INFO] Installing D:\Workspace\simplity\examples\wbFileAgent\target\wbFileAgent.war to D:\Repo\.m2\org\simplity\examples\wbFileAgent\1.2.1-SNAPSHOT\wbFileAgent-1.2.1-SNAPSHOT.war
[INFO] Installing D:\Workspace\simplity\examples\wbFileAgent\pom.xml to D:\Repo\.m2\org\simplity\examples\wbFileAgent\1.2.1-SNAPSHOT\wbFileAgent-1.2.1-SNAPSHOT.pom
[INFO]                                                                         
[INFO] ------------------------------------------------------------------------
[INFO] Building petstore Maven Webapp 1.2.1-SNAPSHOT
[INFO] ------------------------------------------------------------------------
[INFO] 
[INFO] --- sql-maven-plugin:1.5:execute (create-db) @ petclinic ---
[INFO] Executing file: C:\Users\chetana_shanbhag\AppData\Local\Temp\schema.1410428960sql
[INFO] Executing file: C:\Users\chetana_shanbhag\AppData\Local\Temp\data.1341197100sql
[INFO] Executing file: C:\Users\chetana_shanbhag\AppData\Local\Temp\views.1460833454sql
[INFO] 76 of 76 SQL statements executed successfully
[INFO] 
[INFO] --- maven-resources-plugin:2.6:resources (default-resources) @ petclinic ---
[WARNING] File encoding has not been set, using platform encoding Cp1252, i.e. build is platform dependent!
[WARNING] Using platform encoding (Cp1252 actually) to copy filtered resources, i.e. build is platform dependent!
[INFO] Copying 29 resources
[INFO] 
[INFO] --- maven-compiler-plugin:3.1:compile (default-compile) @ petclinic ---
[INFO] Nothing to compile - all classes are up to date
[INFO] 
[INFO] --- maven-resources-plugin:2.6:testResources (default-testResources) @ petclinic ---
[WARNING] File encoding has not been set, using platform encoding Cp1252, i.e. build is platform dependent!
[WARNING] Using platform encoding (Cp1252 actually) to copy filtered resources, i.e. build is platform dependent!
[INFO] Copying 29 resources
[INFO] 
[INFO] --- maven-compiler-plugin:3.1:testCompile (default-testCompile) @ petclinic ---
[INFO] Nothing to compile - all classes are up to date
[INFO] 
[INFO] --- maven-surefire-plugin:2.12.4:test (default-test) @ petclinic ---
[INFO] Surefire report directory: D:\Workspace\simplity\examples\petclinic\target\surefire-reports

-------------------------------------------------------
 T E S T S
-------------------------------------------------------
Running org.simplity.pet.test.PetClinicTest

Bootstrapping with /D:/Workspace/simplity/examples/petclinic/target/test-classes/comp

component folder set to /D:/Workspace/simplity/examples/petclinic/target/test-classes/comp/

0 java class names loaded as services.

Going to load components from /D:/Workspace/simplity/examples/petclinic/target/test-classes/comp/dt/kernel.xml

Going to load components from /D:/Workspace/simplity/examples/petclinic/target/test-classes/comp/dt/pet.xml

20 DataType loaded.

Going to load components from /D:/Workspace/simplity/examples/petclinic/target/test-classes/comp/msg/kernel.xml

Going to load components from /D:/Workspace/simplity/examples/petclinic/target/test-classes/comp/msg/pet.xml

29 Message loaded.

0 Function loaded.

components pre-loaded

dbVendor is set to H2

Driver class name org.h2.Driver invoked successfully

Database connection for H2 established successfully using a valid connection string. Default schema is PUBLIC

Logging framework is set to LOG4J. Will try to locate the right class and connect to it.
2017-06-09 13:26:00,678 INFO  [main] kernel.Log4JWorker (ServiceLogger.java:209) - 
Service logs successfully diverted to the logging framework LOG4J

2017-06-09 13:26:00,700 INFO  [main] kernel.Log4JWorker (ServiceLogger.java:209) - 
Web Agent is given a green signal by Startup to start serving.
2017-06-09 13:26:00,702 INFO  [main] kernel.Log4JWorker (ServiceLogger.java:209) - 
No login service is attached. we use a dummy login.
2017-06-09 13:26:00,703 INFO  [main] kernel.Log4JWorker (ServiceLogger.java:209) - 
we cleared userId=100 with no authentication whatsoever.
2017-06-09 13:26:00,732 INFO  [main] kernel.Log4JWorker (ServiceLogger.java:209) - 
Input Json : {"lastName":"Davis"}
2017-06-09 13:26:00,740 INFO  [main] kernel.Log4JWorker (ServiceLogger.java:209) - 
Trying to generate service filter_owners on-the-fly
2017-06-09 13:26:00,758 INFO  [main] kernel.Log4JWorker (ServiceLogger.java:209) - 
service name set to filter_owners and null
2017-06-09 13:26:00,795 INFO  [main] kernel.Log4JWorker (ServiceLogger.java:209) - 
Invoking service filter_owners
2017-06-09 13:26:00,802 INFO  [main] kernel.Log4JWorker (ServiceLogger.java:209) - 
1 fields into ctx based on record owners
2017-06-09 13:26:00,871 INFO  [main] kernel.Log4JWorker (ServiceLogger.java:209) - 
SELECT ID "ownerId",FIRST_NAME "firstName",LAST_NAME "lastName",ADDRESS "address",CITY "city",TELEPHONE "telephone" FROM OWNERS WHERE LAST_NAME=?
 Parameters
1 : Davis
2017-06-09 13:26:00,874 INFO  [main] kernel.Log4JWorker (ServiceLogger.java:209) - 
2 rows extracted.
2017-06-09 13:26:00,887 INFO  [main] kernel.Log4JWorker (ServiceLogger.java:209) - 
SELECT PET_ID "petId",PET_NAME "petName",BIRTH_DATE "petDob",TYPE_ID "petTypeId",OWNER_ID "ownerId",PET_TYPE "petType",FIRST_NAME "firstName",LAST_NAME "lastName" FROM PET_DETAILS WHERE OWNER_ID IN (?,?)
 Parameters
1 : 2
2 : 4
2017-06-09 13:26:00,896 INFO  [main] kernel.Log4JWorker (ServiceLogger.java:209) - 
2 rows extracted.
2017-06-09 13:26:00,906 INFO  [main] kernel.Log4JWorker (ServiceLogger.java:209) - 
SELECT ID "visitId",PET_ID "petId",VISIT_DATE "visitDate",DESCRIPTION "visitDescription" FROM VISITS WHERE PET_ID IN (?,?)
 Parameters
1 : 2
2 : 5
2017-06-09 13:26:00,907 INFO  [main] kernel.Log4JWorker (ServiceLogger.java:209) - 
0 rows extracted.
2017-06-09 13:26:00,908 INFO  [main] kernel.Log4JWorker (ServiceLogger.java:209) - 
Action filter_owners finished with result=2 in 48 ms
2017-06-09 13:26:00,913 INFO  [main] kernel.Log4JWorker (ServiceLogger.java:209) - 
Going to close a connection of type READ_ONLY with allOK = true
2017-06-09 13:26:00,935 INFO  [main] kernel.Log4JWorker (ServiceLogger.java:209) - 
No rows found in child sheet visits for parent key 2
2017-06-09 13:26:00,936 INFO  [main] kernel.Log4JWorker (ServiceLogger.java:209) - 
No rows found in child sheet visits for parent key 5
2017-06-09 13:26:00,937 INFO  [main] kernel.Log4JWorker (ServiceLogger.java:209) - 
Sheet petDetails will be output as part of its parent sheet owners
2017-06-09 13:26:00,937 INFO  [main] kernel.Log4JWorker (ServiceLogger.java:209) - 
Sheet visits will be output as part of its parent sheet petDetails
2017-06-09 13:26:00,938 INFO  [main] kernel.Log4JWorker (ServiceLogger.java:209) - 
filter_owners responded with all OK signal
2017-06-09 13:26:00,938 INFO  [main] kernel.Log4JWorker (ServiceLogger.java:209) - 
null
2017-06-09 13:26:00,941 INFO  [main] kernel.Log4JWorker (ServiceLogger.java:209) - 
Output JSON : {"owners":[{"ownerId":2,"firstName":"Betty","lastName":"Davis","address":"638 Cardinal Ave.","city":"Sun Prairie","telephone":"6085551749","petDetails":[{"petId":2,"petName":"Basil","petDob":"2012-08-06","petTypeId":6,"ownerId":2,"petType":"hamster","firstName":"Betty","lastName":"Davis"}]},{"ownerId":4,"firstName":"Harold","lastName":"Davis","address":"563 Friendly St.","city":"Windsor","telephone":"6085553198","petDetails":[{"petId":5,"petName":"Iggy","petDob":"2010-11-30","petTypeId":3,"ownerId":4,"petType":"lizard","firstName":"Harold","lastName":"Davis"}]}],"_messages":[]}
2017-06-09 13:26:00,943 INFO  [main] kernel.Log4JWorker (ServiceLogger.java:209) - 
Input Json : {"lastName":"Davisss"}
2017-06-09 13:26:00,945 INFO  [main] kernel.Log4JWorker (ServiceLogger.java:209) - 
Trying to generate service filter_owners on-the-fly
2017-06-09 13:26:00,951 INFO  [main] kernel.Log4JWorker (ServiceLogger.java:209) - 
service name set to filter_owners and null
2017-06-09 13:26:00,973 INFO  [main] kernel.Log4JWorker (ServiceLogger.java:209) - 
Invoking service filter_owners
2017-06-09 13:26:00,974 INFO  [main] kernel.Log4JWorker (ServiceLogger.java:209) - 
1 fields into ctx based on record owners
2017-06-09 13:26:01,035 INFO  [main] kernel.Log4JWorker (ServiceLogger.java:209) - 
SELECT ID "ownerId",FIRST_NAME "firstName",LAST_NAME "lastName",ADDRESS "address",CITY "city",TELEPHONE "telephone" FROM OWNERS WHERE LAST_NAME=?
 Parameters
1 : Davisss
2017-06-09 13:26:01,036 INFO  [main] kernel.Log4JWorker (ServiceLogger.java:209) - 
0 rows extracted.
2017-06-09 13:26:01,037 INFO  [main] kernel.Log4JWorker (ServiceLogger.java:209) - 
Action filter_owners finished with result=0 in 6 ms
2017-06-09 13:26:01,038 INFO  [main] kernel.Log4JWorker (ServiceLogger.java:209) - 
Going to close a connection of type READ_ONLY with allOK = true
2017-06-09 13:26:01,058 INFO  [main] kernel.Log4JWorker (ServiceLogger.java:209) - 
Sheet petDetails has no data to output
2017-06-09 13:26:01,059 INFO  [main] kernel.Log4JWorker (ServiceLogger.java:209) - 
Sheet  has no data. json is not added
2017-06-09 13:26:01,059 INFO  [main] kernel.Log4JWorker (ServiceLogger.java:209) - 
Sheet petDetails will be output as part of its parent sheet owners
2017-06-09 13:26:01,060 INFO  [main] kernel.Log4JWorker (ServiceLogger.java:209) - 
Sheet visits will be output as part of its parent sheet petDetails
2017-06-09 13:26:01,060 INFO  [main] kernel.Log4JWorker (ServiceLogger.java:209) - 
filter_owners responded with all OK signal
2017-06-09 13:26:01,061 INFO  [main] kernel.Log4JWorker (ServiceLogger.java:209) - 
null
2017-06-09 13:26:01,062 INFO  [main] kernel.Log4JWorker (ServiceLogger.java:209) - 
Output JSON : {"owners":null,"_messages":[{"name":"kernel.noRows","text":"No rows found maching the requested data","messageType":"info","data":null}]}
2017-06-09 13:26:01,062 INFO  [main] kernel.Log4JWorker (ServiceLogger.java:209) - 
Input Json : {"pets":[{"petName":"bowser","petTypeId":"2","petDob":"2016-12-11"},{"petName":"skimpy","petTypeId":"3","petDob":"2015-12-10"}],"firstName":"Sam-Old","lastName":"Schultz-Old","address":"4, Evans Street-Old","city":"Wollongong-Old","telephone":"4444444444-0"}
2017-06-09 13:26:01,063 INFO  [main] kernel.Log4JWorker (ServiceLogger.java:209) - 
Trying to generate service save_owners on-the-fly
2017-06-09 13:26:01,066 INFO  [main] kernel.Log4JWorker (ServiceLogger.java:209) - 
service name set to save_owners and null
2017-06-09 13:26:01,091 INFO  [main] kernel.Log4JWorker (ServiceLogger.java:209) - 
Invoking service save_owners
2017-06-09 13:26:01,091 INFO  [main] kernel.Log4JWorker (ServiceLogger.java:209) - 
No data for sheet owners. We try and add fields instead.
2017-06-09 13:26:01,092 INFO  [main] kernel.Log4JWorker (ServiceLogger.java:209) - 
5 fields into ctx based on record owners
2017-06-09 13:26:01,093 INFO  [main] kernel.Log4JWorker (ServiceLogger.java:209) - 
No data for sheet owners
2017-06-09 13:26:01,094 INFO  [main] kernel.Log4JWorker (ServiceLogger.java:209) - 
Datasheet pets with 2 rows added to the context.
2017-06-09 13:26:01,156 INFO  [main] kernel.Log4JWorker (ServiceLogger.java:209) - 
INSERT INTO OWNERS(FIRST_NAME,LAST_NAME,ADDRESS,CITY,TELEPHONE) Values(?,?,?,?,?)
 Parameters
1 : Sam-Old
2 : Schultz-Old
3 : 4, Evans Street-Old
4 : Wollongong-Old
5 : 4444444444-0
2017-06-09 13:26:01,163 INFO  [main] kernel.Log4JWorker (ServiceLogger.java:209) - 
1 rows affected.
2017-06-09 13:26:01,176 INFO  [main] kernel.Log4JWorker (ServiceLogger.java:209) - 
Saving children is a noble cause!! Going to save child record pets for action = ADD
2017-06-09 13:26:01,179 INFO  [main] kernel.Log4JWorker (ServiceLogger.java:209) - 
Generated key retrieval is NOT supported for batch. Keys for child table are to be retrieved automatically
2017-06-09 13:26:01,182 INFO  [main] kernel.Log4JWorker (ServiceLogger.java:209) - 
2 rows affected.
2017-06-09 13:26:01,183 INFO  [main] kernel.Log4JWorker (ServiceLogger.java:209) - 
Action save_owners finished with result=3 in 37 ms
2017-06-09 13:26:01,183 INFO  [main] kernel.Log4JWorker (ServiceLogger.java:209) - 
Going to close a connection of type READ_WRITE with allOK = true
2017-06-09 13:26:01,219 INFO  [main] kernel.Log4JWorker (ServiceLogger.java:209) - 
save_owners responded with all OK signal
2017-06-09 13:26:01,219 INFO  [main] kernel.Log4JWorker (ServiceLogger.java:209) - 
null
2017-06-09 13:26:01,220 INFO  [main] kernel.Log4JWorker (ServiceLogger.java:209) - 
Output JSON : {"ownerId":11,"firstName":"Sam-Old","lastName":"Schultz-Old","address":"4, Evans Street-Old","city":"Wollongong-Old","telephone":"4444444444-0","_messages":[]}
2017-06-09 13:26:01,220 INFO  [main] kernel.Log4JWorker (ServiceLogger.java:209) - 
Input Json : {"firstName":"Sam","lastName":"Schultz","address":"4, Evans Street","city":"Wollongong","telephone":"4444444444","ownerId":11}
2017-06-09 13:26:01,221 INFO  [main] kernel.Log4JWorker (ServiceLogger.java:209) - 
Trying to generate service save_owners on-the-fly
2017-06-09 13:26:01,224 INFO  [main] kernel.Log4JWorker (ServiceLogger.java:209) - 
service name set to save_owners and null
2017-06-09 13:26:01,239 INFO  [main] kernel.Log4JWorker (ServiceLogger.java:209) - 
Invoking service save_owners
2017-06-09 13:26:01,239 INFO  [main] kernel.Log4JWorker (ServiceLogger.java:209) - 
No data for sheet owners. We try and add fields instead.
2017-06-09 13:26:01,240 INFO  [main] kernel.Log4JWorker (ServiceLogger.java:209) - 
6 fields into ctx based on record owners
2017-06-09 13:26:01,240 INFO  [main] kernel.Log4JWorker (ServiceLogger.java:209) - 
No data for sheet owners
2017-06-09 13:26:01,240 INFO  [main] kernel.Log4JWorker (ServiceLogger.java:209) - 
No rows for pets
2017-06-09 13:26:01,241 INFO  [main] kernel.Log4JWorker (ServiceLogger.java:209) - 
No data for sheet pets
2017-06-09 13:26:01,286 INFO  [main] kernel.Log4JWorker (ServiceLogger.java:209) - 
UPDATE OWNERS SET FIRST_NAME=?,LAST_NAME=?,ADDRESS=?,CITY=?,TELEPHONE=? WHERE ID=?
 Parameters
1 : Sam
2 : Schultz
3 : 4, Evans Street
4 : Wollongong
5 : 4444444444
6 : 11
2017-06-09 13:26:01,289 INFO  [main] kernel.Log4JWorker (ServiceLogger.java:209) - 
1 rows affected.
2017-06-09 13:26:01,295 INFO  [main] kernel.Log4JWorker (ServiceLogger.java:209) - 
Related record pets not saved as there is no data in sheet pets
2017-06-09 13:26:01,296 INFO  [main] kernel.Log4JWorker (ServiceLogger.java:209) - 
Action save_owners finished with result=1 in 12 ms
2017-06-09 13:26:01,296 INFO  [main] kernel.Log4JWorker (ServiceLogger.java:209) - 
Going to close a connection of type READ_WRITE with allOK = true
2017-06-09 13:26:01,345 INFO  [main] kernel.Log4JWorker (ServiceLogger.java:209) - 
save_owners responded with all OK signal
2017-06-09 13:26:01,345 INFO  [main] kernel.Log4JWorker (ServiceLogger.java:209) - 
null
2017-06-09 13:26:01,346 INFO  [main] kernel.Log4JWorker (ServiceLogger.java:209) - 
Output JSON : {"ownerId":11,"firstName":"Sam","lastName":"Schultz","address":"4, Evans Street","city":"Wollongong","telephone":"4444444444","_messages":[]}
2017-06-09 13:26:01,346 INFO  [main] kernel.Log4JWorker (ServiceLogger.java:209) - 
Input Json : {"petName":"woofy","petTypeId":"1","petDob":"2014-03-05","ownerId":11}
2017-06-09 13:26:01,347 INFO  [main] kernel.Log4JWorker (ServiceLogger.java:209) - 
Trying to generate service save_pets on-the-fly
2017-06-09 13:26:01,353 INFO  [main] kernel.Log4JWorker (ServiceLogger.java:209) - 
service name set to save_pets and null
2017-06-09 13:26:01,363 INFO  [main] kernel.Log4JWorker (ServiceLogger.java:209) - 
Invoking service save_pets
2017-06-09 13:26:01,363 INFO  [main] kernel.Log4JWorker (ServiceLogger.java:209) - 
No data for sheet pets. We try and add fields instead.
2017-06-09 13:26:01,364 INFO  [main] kernel.Log4JWorker (ServiceLogger.java:209) - 
4 fields into ctx based on record pets
2017-06-09 13:26:01,365 INFO  [main] kernel.Log4JWorker (ServiceLogger.java:209) - 
No data for sheet pets
2017-06-09 13:26:01,416 INFO  [main] kernel.Log4JWorker (ServiceLogger.java:209) - 
INSERT INTO PETS(NAME,BIRTH_DATE,TYPE_ID,OWNER_ID) Values(?,?,?,?)
 Parameters
1 : woofy
2 : 2014-03-05
3 : 1
4 : 11
2017-06-09 13:26:01,418 INFO  [main] kernel.Log4JWorker (ServiceLogger.java:209) - 
1 rows affected.
2017-06-09 13:26:01,419 INFO  [main] kernel.Log4JWorker (ServiceLogger.java:209) - 
Action save_pets finished with result=1 in 9 ms
2017-06-09 13:26:01,420 INFO  [main] kernel.Log4JWorker (ServiceLogger.java:209) - 
Going to close a connection of type READ_WRITE with allOK = true
2017-06-09 13:26:01,436 INFO  [main] kernel.Log4JWorker (ServiceLogger.java:209) - 
save_pets responded with all OK signal
2017-06-09 13:26:01,436 INFO  [main] kernel.Log4JWorker (ServiceLogger.java:209) - 
null
2017-06-09 13:26:01,436 INFO  [main] kernel.Log4JWorker (ServiceLogger.java:209) - 
Output JSON : {"petId":16,"petName":"woofy","petDob":"2014-03-05","petTypeId":1,"ownerId":11,"_messages":[]}
2017-06-09 13:26:01,437 INFO  [main] kernel.Log4JWorker (ServiceLogger.java:209) - 
Input Json : {"ownerId":11}
2017-06-09 13:26:01,437 INFO  [main] kernel.Log4JWorker (ServiceLogger.java:209) - 
Trying to generate service get_Owners on-the-fly
2017-06-09 13:26:01,439 INFO  [main] kernel.Log4JWorker (ServiceLogger.java:209) - 
service name set to get_Owners and null
2017-06-09 13:26:01,459 INFO  [main] kernel.Log4JWorker (ServiceLogger.java:209) - 
Invoking service get_Owners
2017-06-09 13:26:01,460 INFO  [main] kernel.Log4JWorker (ServiceLogger.java:209) - 
1 fields into ctx based on record owners
2017-06-09 13:26:01,512 INFO  [main] kernel.Log4JWorker (ServiceLogger.java:209) - 
SELECT ID "ownerId",FIRST_NAME "firstName",LAST_NAME "lastName",ADDRESS "address",CITY "city",TELEPHONE "telephone" FROM OWNERS WHERE ID=?
 Parameters
1 : 11
2017-06-09 13:26:01,513 INFO  [main] kernel.Log4JWorker (ServiceLogger.java:209) - 
1 rows extracted.
2017-06-09 13:26:01,520 INFO  [main] kernel.Log4JWorker (ServiceLogger.java:209) - 
SELECT PET_ID "petId",PET_NAME "petName",BIRTH_DATE "petDob",TYPE_ID "petTypeId",OWNER_ID "ownerId",PET_TYPE "petType",FIRST_NAME "firstName",LAST_NAME "lastName" FROM PET_DETAILS WHERE OWNER_ID=?
 Parameters
1 : 11
2017-06-09 13:26:01,524 INFO  [main] kernel.Log4JWorker (ServiceLogger.java:209) - 
3 rows extracted.
2017-06-09 13:26:01,531 INFO  [main] kernel.Log4JWorker (ServiceLogger.java:209) - 
SELECT ID "visitId",PET_ID "petId",VISIT_DATE "visitDate",DESCRIPTION "visitDescription" FROM VISITS WHERE PET_ID IN (?,?,?)
 Parameters
1 : 14
2 : 15
3 : 16
2017-06-09 13:26:01,532 INFO  [main] kernel.Log4JWorker (ServiceLogger.java:209) - 
0 rows extracted.
2017-06-09 13:26:01,533 INFO  [main] kernel.Log4JWorker (ServiceLogger.java:209) - 
Action read_owners finished with result=1 in 28 ms
2017-06-09 13:26:01,533 INFO  [main] kernel.Log4JWorker (ServiceLogger.java:209) - 
Going to close a connection of type READ_ONLY with allOK = true
2017-06-09 13:26:01,548 INFO  [main] kernel.Log4JWorker (ServiceLogger.java:209) - 
Service context has no sheet with name owners for output. We try and output fields.
2017-06-09 13:26:01,549 INFO  [main] kernel.Log4JWorker (ServiceLogger.java:209) - 
No rows found in child sheet visits for parent key 14
2017-06-09 13:26:01,550 INFO  [main] kernel.Log4JWorker (ServiceLogger.java:209) - 
No rows found in child sheet visits for parent key 15
2017-06-09 13:26:01,551 INFO  [main] kernel.Log4JWorker (ServiceLogger.java:209) - 
No rows found in child sheet visits for parent key 16
2017-06-09 13:26:01,551 INFO  [main] kernel.Log4JWorker (ServiceLogger.java:209) - 
Sheet petDetails will be output as part of its parent sheet owners
2017-06-09 13:26:01,551 INFO  [main] kernel.Log4JWorker (ServiceLogger.java:209) - 
Sheet visits will be output as part of its parent sheet petDetails
2017-06-09 13:26:01,552 INFO  [main] kernel.Log4JWorker (ServiceLogger.java:209) - 
get_Owners responded with all OK signal
2017-06-09 13:26:01,552 INFO  [main] kernel.Log4JWorker (ServiceLogger.java:209) - 
null
2017-06-09 13:26:01,553 INFO  [main] kernel.Log4JWorker (ServiceLogger.java:209) - 
Output JSON : {"ownerId":11,"firstName":"Sam","lastName":"Schultz","address":"4, Evans Street","city":"Wollongong","telephone":"4444444444","petDetails":[{"petId":14,"petName":"bowser","petDob":"2016-12-11","petTypeId":2,"ownerId":11,"petType":"dog","firstName":"Sam","lastName":"Schultz"},{"petId":15,"petName":"skimpy","petDob":"2015-12-10","petTypeId":3,"ownerId":11,"petType":"lizard","firstName":"Sam","lastName":"Schultz"},{"petId":16,"petName":"woofy","petDob":"2014-03-05","petTypeId":1,"ownerId":11,"petType":"cat","firstName":"Sam","lastName":"Schultz"}],"_messages":[]}
2017-06-09 13:26:01,553 INFO  [main] kernel.Log4JWorker (ServiceLogger.java:209) - 
Input Json : {"petId":16,"visitDescription":"regular periodic check up","visitDate":"2016-12-25"}
2017-06-09 13:26:01,554 INFO  [main] kernel.Log4JWorker (ServiceLogger.java:209) - 
Trying to generate service save_visits on-the-fly
2017-06-09 13:26:01,562 INFO  [main] kernel.Log4JWorker (ServiceLogger.java:209) - 
service name set to save_visits and null
2017-06-09 13:26:01,577 INFO  [main] kernel.Log4JWorker (ServiceLogger.java:209) - 
Invoking service save_visits
2017-06-09 13:26:01,578 INFO  [main] kernel.Log4JWorker (ServiceLogger.java:209) - 
No data for sheet visits. We try and add fields instead.
2017-06-09 13:26:01,578 INFO  [main] kernel.Log4JWorker (ServiceLogger.java:209) - 
3 fields into ctx based on record visits
2017-06-09 13:26:01,579 INFO  [main] kernel.Log4JWorker (ServiceLogger.java:209) - 
No data for sheet visits
2017-06-09 13:26:01,636 INFO  [main] kernel.Log4JWorker (ServiceLogger.java:209) - 
INSERT INTO VISITS(PET_ID,VISIT_DATE,DESCRIPTION) Values(?,?,?)
 Parameters
1 : 16
2 : 2016-12-25
3 : regular periodic check up
2017-06-09 13:26:01,638 INFO  [main] kernel.Log4JWorker (ServiceLogger.java:209) - 
1 rows affected.
2017-06-09 13:26:01,638 INFO  [main] kernel.Log4JWorker (ServiceLogger.java:209) - 
Action save_visits finished with result=1 in 11 ms
2017-06-09 13:26:01,639 INFO  [main] kernel.Log4JWorker (ServiceLogger.java:209) - 
Going to close a connection of type READ_WRITE with allOK = true
2017-06-09 13:26:01,662 INFO  [main] kernel.Log4JWorker (ServiceLogger.java:209) - 
save_visits responded with all OK signal
2017-06-09 13:26:01,662 INFO  [main] kernel.Log4JWorker (ServiceLogger.java:209) - 
null
2017-06-09 13:26:01,663 INFO  [main] kernel.Log4JWorker (ServiceLogger.java:209) - 
Output JSON : {"visitId":5,"petId":16,"visitDate":"2016-12-25","visitDescription":"regular periodic check up","_messages":[]}
2017-06-09 13:26:01,663 INFO  [main] kernel.Log4JWorker (ServiceLogger.java:209) - 
Input Json : {"petId":16}
2017-06-09 13:26:01,664 INFO  [main] kernel.Log4JWorker (ServiceLogger.java:209) - 
Trying to generate service get_petDetails on-the-fly
2017-06-09 13:26:01,671 INFO  [main] kernel.Log4JWorker (ServiceLogger.java:209) - 
service name set to get_petDetails and null
2017-06-09 13:26:01,694 INFO  [main] kernel.Log4JWorker (ServiceLogger.java:209) - 
Invoking service get_petDetails
2017-06-09 13:26:01,694 INFO  [main] kernel.Log4JWorker (ServiceLogger.java:209) - 
1 fields into ctx based on record petDetails
2017-06-09 13:26:01,744 INFO  [main] kernel.Log4JWorker (ServiceLogger.java:209) - 
SELECT PET_ID "petId",PET_NAME "petName",BIRTH_DATE "petDob",TYPE_ID "petTypeId",OWNER_ID "ownerId",PET_TYPE "petType",FIRST_NAME "firstName",LAST_NAME "lastName" FROM PET_DETAILS WHERE PET_ID=?
 Parameters
1 : 16
2017-06-09 13:26:01,747 INFO  [main] kernel.Log4JWorker (ServiceLogger.java:209) - 
1 rows extracted.
2017-06-09 13:26:01,754 INFO  [main] kernel.Log4JWorker (ServiceLogger.java:209) - 
SELECT ID "visitId",PET_ID "petId",VISIT_DATE "visitDate",DESCRIPTION "visitDescription" FROM VISITS WHERE PET_ID=?
 Parameters
1 : 16
2017-06-09 13:26:01,756 INFO  [main] kernel.Log4JWorker (ServiceLogger.java:209) - 
1 rows extracted.
2017-06-09 13:26:01,756 INFO  [main] kernel.Log4JWorker (ServiceLogger.java:209) - 
Action read_petDetails finished with result=1 in 18 ms
2017-06-09 13:26:01,756 INFO  [main] kernel.Log4JWorker (ServiceLogger.java:209) - 
Going to close a connection of type READ_ONLY with allOK = true
2017-06-09 13:26:01,772 INFO  [main] kernel.Log4JWorker (ServiceLogger.java:209) - 
Service context has no sheet with name petDetails for output. We try and output fields.
2017-06-09 13:26:01,773 INFO  [main] kernel.Log4JWorker (ServiceLogger.java:209) - 
Sheet visits will be output as part of its parent sheet petDetails
2017-06-09 13:26:01,773 INFO  [main] kernel.Log4JWorker (ServiceLogger.java:209) - 
get_petDetails responded with all OK signal
2017-06-09 13:26:01,774 INFO  [main] kernel.Log4JWorker (ServiceLogger.java:209) - 
null
2017-06-09 13:26:01,774 INFO  [main] kernel.Log4JWorker (ServiceLogger.java:209) - 
Output JSON : {"petId":16,"petName":"woofy","petDob":"2014-03-05","petTypeId":1,"ownerId":11,"petType":"cat","firstName":"Sam","lastName":"Schultz","visits":[{"visitId":5,"petId":16,"visitDate":"2016-12-25","visitDescription":"regular periodic check up"}],"_messages":[]}
Tests run: 1, Failures: 0, Errors: 0, Skipped: 0, Time elapsed: 2.576 sec

Results :

Tests run: 1, Failures: 0, Errors: 0, Skipped: 0

[INFO] 
[INFO] --- maven-war-plugin:2.2:war (default-war) @ petclinic ---
[INFO] Packaging webapp
[INFO] Assembling webapp [petclinic] in [D:\Workspace\simplity\examples\petclinic\target\petstore]
[INFO] Processing war project
[INFO] Copying webapp resources [D:\Workspace\simplity\examples\petclinic\src\main\webapp]
[INFO] Webapp assembled in [129 msecs]
[INFO] Building war: D:\Workspace\simplity\examples\petclinic\target\petstore.war
[INFO] WEB-INF\web.xml already added, skipping
[INFO] 
[INFO] --- maven-install-plugin:2.4:install (default-install) @ petclinic ---
[INFO] Installing D:\Workspace\simplity\examples\petclinic\target\petstore.war to D:\Repo\.m2\org\simplity\examples\petclinic\1.2.1-SNAPSHOT\petclinic-1.2.1-SNAPSHOT.war
[INFO] Installing D:\Workspace\simplity\examples\petclinic\pom.xml to D:\Repo\.m2\org\simplity\examples\petclinic\1.2.1-SNAPSHOT\petclinic-1.2.1-SNAPSHOT.pom
[INFO]                                                                         
[INFO] ------------------------------------------------------------------------
[INFO] Building jmsDemo Maven Webapp 1.2.1-SNAPSHOT
[INFO] ------------------------------------------------------------------------
[INFO] 
[INFO] --- maven-resources-plugin:2.6:resources (default-resources) @ jmsDemo ---
[WARNING] File encoding has not been set, using platform encoding Cp1252, i.e. build is platform dependent!
[WARNING] Using platform encoding (Cp1252 actually) to copy filtered resources, i.e. build is platform dependent!
[INFO] Copying 13 resources
[INFO] 
[INFO] --- maven-compiler-plugin:3.1:compile (default-compile) @ jmsDemo ---
[INFO] Nothing to compile - all classes are up to date
[INFO] 
[INFO] --- maven-resources-plugin:2.6:testResources (default-testResources) @ jmsDemo ---
[WARNING] File encoding has not been set, using platform encoding Cp1252, i.e. build is platform dependent!
[WARNING] Using platform encoding (Cp1252 actually) to copy filtered resources, i.e. build is platform dependent!
[INFO] Copying 13 resources
[INFO] 
[INFO] --- maven-compiler-plugin:3.1:testCompile (default-testCompile) @ jmsDemo ---
[INFO] No sources to compile
[INFO] 
[INFO] --- maven-surefire-plugin:2.12.4:test (default-test) @ jmsDemo ---
[INFO] 
[INFO] --- maven-war-plugin:2.2:war (default-war) @ jmsDemo ---
[INFO] Packaging webapp
[INFO] Assembling webapp [jmsDemo] in [D:\Workspace\simplity\examples\jmsDemo\target\jmsDemo]
[INFO] Processing war project
[INFO] Copying webapp resources [D:\Workspace\simplity\examples\jmsDemo\src\main\webapp]
[INFO] Webapp assembled in [56 msecs]
[INFO] Building war: D:\Workspace\simplity\examples\jmsDemo\target\jmsDemo.war
[INFO] WEB-INF\web.xml already added, skipping
[INFO] 
[INFO] --- maven-install-plugin:2.4:install (default-install) @ jmsDemo ---
[INFO] Installing D:\Workspace\simplity\examples\jmsDemo\target\jmsDemo.war to D:\Repo\.m2\org\simplity\examples\jmsDemo\1.2.1-SNAPSHOT\jmsDemo-1.2.1-SNAPSHOT.war
[INFO] Installing D:\Workspace\simplity\examples\jmsDemo\pom.xml to D:\Repo\.m2\org\simplity\examples\jmsDemo\1.2.1-SNAPSHOT\jmsDemo-1.2.1-SNAPSHOT.pom
[INFO]                                                                         
[INFO] ------------------------------------------------------------------------
[INFO] Building springIntegration Maven Webapp 1.2.1-SNAPSHOT
[INFO] ------------------------------------------------------------------------
[INFO] 
[INFO] --- maven-resources-plugin:2.6:resources (default-resources) @ springIntegration ---
[WARNING] File encoding has not been set, using platform encoding Cp1252, i.e. build is platform dependent!
[WARNING] Using platform encoding (Cp1252 actually) to copy filtered resources, i.e. build is platform dependent!
[INFO] Copying 12 resources
[INFO] 
[INFO] --- maven-compiler-plugin:3.1:compile (default-compile) @ springIntegration ---
[INFO] Nothing to compile - all classes are up to date
[INFO] 
[INFO] --- maven-resources-plugin:2.6:testResources (default-testResources) @ springIntegration ---
[WARNING] File encoding has not been set, using platform encoding Cp1252, i.e. build is platform dependent!
[WARNING] Using platform encoding (Cp1252 actually) to copy filtered resources, i.e. build is platform dependent!
[INFO] Copying 12 resources
[INFO] 
[INFO] --- maven-compiler-plugin:3.1:testCompile (default-testCompile) @ springIntegration ---
[INFO] Nothing to compile - all classes are up to date
[INFO] 
[INFO] --- maven-surefire-plugin:2.12.4:test (default-test) @ springIntegration ---
[INFO] Surefire report directory: D:\Workspace\simplity\examples\springIntegration\target\surefire-reports

-------------------------------------------------------
 T E S T S
-------------------------------------------------------
Running org.simplity.examples.springIntegration.HelloWorldTest

Bootstrapping with /D:/Workspace/simplity/examples/springIntegration/target/test-classes/comp

component folder set to /D:/Workspace/simplity/examples/springIntegration/target/test-classes/comp/

0 java class names loaded as services.

Going to load components from /D:/Workspace/simplity/examples/springIntegration/target/test-classes/comp/dt/custom.xml

Going to load components from /D:/Workspace/simplity/examples/springIntegration/target/test-classes/comp/dt/kernel.xml

19 DataType loaded.

Going to load components from /D:/Workspace/simplity/examples/springIntegration/target/test-classes/comp/msg/custom.xml

Going to load components from /D:/Workspace/simplity/examples/springIntegration/target/test-classes/comp/msg/kernel.xml

21 Message loaded.

0 Function loaded.

components pre-loaded

This Application has not set dbVendor. We assume that the application does not require any db connection.

Logging framework is set to LOG4J. Will try to locate the right class and connect to it.
2017-06-09 13:26:03,792 INFO  [main] kernel.Log4JWorker (ServiceLogger.java:209) - 
Service logs successfully diverted to the logging framework LOG4J

2017-06-09 13:26:03,805 INFO  [main] kernel.Log4JWorker (ServiceLogger.java:209) - 
Web Agent is given a green signal by Startup to start serving.
2017-06-09 13:26:03,807 INFO  [main] kernel.Log4JWorker (ServiceLogger.java:209) - 
No login service is attached. we use a dummy login.
2017-06-09 13:26:03,807 INFO  [main] kernel.Log4JWorker (ServiceLogger.java:209) - 
we cleared userId=100 with no authentication whatsoever.
2017-06-09 13:26:03,818 INFO  [main] kernel.Log4JWorker (ServiceLogger.java:209) - 
Going to load components from /D:/Workspace/simplity/examples/springIntegration/target/test-classes/comp/msg/custom.xml for validation
2017-06-09 13:26:03,825 INFO  [main] kernel.Log4JWorker (ServiceLogger.java:209) - 
Going to load components from /D:/Workspace/simplity/examples/springIntegration/target/test-classes/comp/msg/kernel.xml for validation
2017-06-09 13:26:03,832 INFO  [main] kernel.Log4JWorker (ServiceLogger.java:209) - 
Going to load components from /D:/Workspace/simplity/examples/springIntegration/target/test-classes/comp/dt/custom.xml for validation
2017-06-09 13:26:03,835 INFO  [main] kernel.Log4JWorker (ServiceLogger.java:209) - 
Going to load components from /D:/Workspace/simplity/examples/springIntegration/target/test-classes/comp/dt/kernel.xml for validation
2017-06-09 13:26:03,877 INFO  [main] kernel.Log4JWorker (ServiceLogger.java:209) - 
Input Json : {}
2017-06-09 13:26:03,878 INFO  [main] kernel.Log4JWorker (ServiceLogger.java:209) - 
Trying to generate service helloworld on-the-fly
2017-06-09 13:26:03,880 INFO  [main] kernel.Log4JWorker (ServiceLogger.java:209) - 
Invoking service helloworld
2017-06-09 13:26:03,882 INFO  [main] kernel.Log4JWorker (ServiceLogger.java:209) - 
We received input data, but this service is designed not to make use of input.
2017-06-09 13:26:03,883 INFO  [main] kernel.Log4JWorker (ServiceLogger.java:209) - 
Action _a0 finished with result=Hello World! in 0 ms
2017-06-09 13:26:03,887 INFO  [main] kernel.Log4JWorker (ServiceLogger.java:209) - 
helloworld responded with all OK signal
2017-06-09 13:26:03,888 INFO  [main] kernel.Log4JWorker (ServiceLogger.java:209) - 
null
2017-06-09 13:26:03,889 INFO  [main] kernel.Log4JWorker (ServiceLogger.java:209) - 
Output JSON : {"hello":"Hello World!","_messages":[]}
Tests run: 1, Failures: 0, Errors: 0, Skipped: 0, Time elapsed: 0.803 sec

Results :

Tests run: 1, Failures: 0, Errors: 0, Skipped: 0

[INFO] 
[INFO] --- maven-war-plugin:2.2:war (default-war) @ springIntegration ---
[INFO] Packaging webapp
[INFO] Assembling webapp [springIntegration] in [D:\Workspace\simplity\examples\springIntegration\target\springIntegration]
[INFO] Processing war project
[INFO] Copying webapp resources [D:\Workspace\simplity\examples\springIntegration\src\main\webapp]
[INFO] Webapp assembled in [82 msecs]
[INFO] Building war: D:\Workspace\simplity\examples\springIntegration\target\springIntegration.war
[INFO] WEB-INF\web.xml already added, skipping
[INFO] 
[INFO] --- maven-install-plugin:2.4:install (default-install) @ springIntegration ---
[INFO] Installing D:\Workspace\simplity\examples\springIntegration\target\springIntegration.war to D:\Repo\.m2\org\simplity\examples\springIntegration\1.2.1-SNAPSHOT\springIntegration-1.2.1-SNAPSHOT.war
[INFO] Installing D:\Workspace\simplity\examples\springIntegration\pom.xml to D:\Repo\.m2\org\simplity\examples\springIntegration\1.2.1-SNAPSHOT\springIntegration-1.2.1-SNAPSHOT.pom
[INFO]                                                                         
[INFO] ------------------------------------------------------------------------
[INFO] Building ejbIntegration Maven Webapp 1.2.1-SNAPSHOT
[INFO] ------------------------------------------------------------------------
[INFO] 
[INFO] --- maven-resources-plugin:2.6:resources (default-resources) @ ejbIntegration ---
[WARNING] File encoding has not been set, using platform encoding Cp1252, i.e. build is platform dependent!
[WARNING] Using platform encoding (Cp1252 actually) to copy filtered resources, i.e. build is platform dependent!
[INFO] Copying 7 resources
[INFO] 
[INFO] --- maven-compiler-plugin:3.1:compile (default-compile) @ ejbIntegration ---
[INFO] Nothing to compile - all classes are up to date
[INFO] 
[INFO] --- maven-resources-plugin:2.6:testResources (default-testResources) @ ejbIntegration ---
[WARNING] File encoding has not been set, using platform encoding Cp1252, i.e. build is platform dependent!
[WARNING] Using platform encoding (Cp1252 actually) to copy filtered resources, i.e. build is platform dependent!
[INFO] Copying 7 resources
[INFO] 
[INFO] --- maven-compiler-plugin:3.1:testCompile (default-testCompile) @ ejbIntegration ---
[INFO] Nothing to compile - all classes are up to date
[INFO] 
[INFO] --- maven-surefire-plugin:2.12.4:test (default-test) @ ejbIntegration ---
[INFO] Surefire report directory: D:\Workspace\simplity\examples\ejbIntegration\target\surefire-reports

-------------------------------------------------------
 T E S T S
-------------------------------------------------------
Running org.simplity.examples.ejbIntegration.HelloWorldTest

Bootstrapping with /D:/Workspace/simplity/examples/ejbIntegration/target/test-classes/comp

component folder set to /D:/Workspace/simplity/examples/ejbIntegration/target/test-classes/comp/

0 java class names loaded as services.

Going to load components from /D:/Workspace/simplity/examples/ejbIntegration/target/test-classes/comp/dt/kernel.xml

10 DataType loaded.

Going to load components from /D:/Workspace/simplity/examples/ejbIntegration/target/test-classes/comp/msg/kernel.xml

20 Message loaded.

0 Function loaded.

components pre-loaded

This Application has not set dbVendor. We assume that the application does not require any db connection.

No logging framework set by application designer. All service logs will be emitted to console. (System.out)


Web Agent is given a green signal by Startup to start serving.

No login service is attached. we use a dummy login.

we cleared userId=100 with no authentication whatsoever.

Going to load components from /D:/Workspace/simplity/examples/ejbIntegration/target/test-classes/comp/msg/kernel.xml for validation

Going to load components from /D:/Workspace/simplity/examples/ejbIntegration/target/test-classes/comp/dt/kernel.xml for validation

Input Json : {}

Trying to generate service helloworld on-the-fly

Invoking service helloworld

We received input data, but this service is designed not to make use of input.

Action _a0 finished with result=Hello World! in 0 ms

helloworld responded with all OK signal

null

Output JSON : {"hello":"Hello World!","_messages":[]}
Tests run: 1, Failures: 0, Errors: 0, Skipped: 0, Time elapsed: 0.404 sec

Results :

Tests run: 1, Failures: 0, Errors: 0, Skipped: 0

[INFO] 
[INFO] --- maven-war-plugin:2.2:war (default-war) @ ejbIntegration ---
[INFO] Packaging webapp
[INFO] Assembling webapp [ejbIntegration] in [D:\Workspace\simplity\examples\ejbIntegration\target\ejbIntegration]
[INFO] Processing war project
[INFO] Copying webapp resources [D:\Workspace\simplity\examples\ejbIntegration\src\main\webapp]
[INFO] Webapp assembled in [45 msecs]
[INFO] Building war: D:\Workspace\simplity\examples\ejbIntegration\target\ejbIntegration.war
[INFO] WEB-INF\web.xml already added, skipping
[INFO] 
[INFO] --- maven-install-plugin:2.4:install (default-install) @ ejbIntegration ---
[INFO] Installing D:\Workspace\simplity\examples\ejbIntegration\target\ejbIntegration.war to D:\Repo\.m2\org\simplity\examples\ejbIntegration\1.2.1-SNAPSHOT\ejbIntegration-1.2.1-SNAPSHOT.war
[INFO] Installing D:\Workspace\simplity\examples\ejbIntegration\pom.xml to D:\Repo\.m2\org\simplity\examples\ejbIntegration\1.2.1-SNAPSHOT\ejbIntegration-1.2.1-SNAPSHOT.pom
[INFO]                                                                         
[INFO] ------------------------------------------------------------------------
[INFO] Building todos 1.2.1-SNAPSHOT
[INFO] ------------------------------------------------------------------------
[INFO] 
[INFO] --- maven-install-plugin:2.4:install (default-install) @ todos ---
[INFO] Installing D:\Workspace\simplity\examples\todos\pom.xml to D:\Repo\.m2\org\simplity\examples\todos\1.2.1-SNAPSHOT\todos-1.2.1-SNAPSHOT.pom
[INFO]                                                                         
[INFO] ------------------------------------------------------------------------
[INFO] Building todoService 1.2.1-SNAPSHOT
[INFO] ------------------------------------------------------------------------
Downloading: https://repo.maven.apache.org/maven2/org/glassfish/jersey/containers/jersey-container-grizzly2-http/2.7/jersey-container-grizzly2-http-2.7.pom
[INFO] ------------------------------------------------------------------------
[INFO] Reactor Summary:
[INFO] 
[INFO] examples ........................................... SUCCESS [  0.306 s]
[INFO] helloworld Maven Webapp ............................ SUCCESS [  6.518 s]
[INFO] mcHelloWorld ....................................... SUCCESS [  3.214 s]
[INFO] wbFileAgent Maven Webapp ........................... SUCCESS [  0.360 s]
[INFO] petstore Maven Webapp .............................. SUCCESS [  4.057 s]
[INFO] jmsDemo Maven Webapp ............................... SUCCESS [  0.293 s]
[INFO] springIntegration Maven Webapp ..................... SUCCESS [  1.719 s]
[INFO] ejbIntegration Maven Webapp ........................ SUCCESS [  1.075 s]
[INFO] todos .............................................. SUCCESS [  0.005 s]
[INFO] todoService ........................................ FAILURE [  0.559 s]
[INFO] todoViewService .................................... SKIPPED
[INFO] todosUI Maven Webapp ............................... SKIPPED
[INFO] activeMQ ........................................... SKIPPED
[INFO] ------------------------------------------------------------------------
[INFO] BUILD FAILURE
[INFO] ------------------------------------------------------------------------
[INFO] Total time: 18.306 s
[INFO] Finished at: 2017-06-09T13:26:06+05:30
[INFO] Final Memory: 21M/229M
[INFO] ------------------------------------------------------------------------
[ERROR] Failed to execute goal on project todoService: Could not resolve dependencies for project org.simplity.examples:todoService:jar:1.2.1-SNAPSHOT: Failed to collect dependencies at org.glassfish.jersey.containers:jersey-container-grizzly2-http:jar:2.7: Failed to read artifact descriptor for org.glassfish.jersey.containers:jersey-container-grizzly2-http:jar:2.7: Could not transfer artifact org.glassfish.jersey.containers:jersey-container-grizzly2-http:pom:2.7 from/to central (https://repo.maven.apache.org/maven2): This is usually a temporary error during hostname resolution and means that the local server did not receive a response from an authoritative server (repo.maven.apache.org) -> [Help 1]
[ERROR] 
[ERROR] To see the full stack trace of the errors, re-run Maven with the -e switch.
[ERROR] Re-run Maven using the -X switch to enable full debug logging.
[ERROR] 
[ERROR] For more information about the errors and possible solutions, please read the following articles:
[ERROR] [Help 1] http://cwiki.apache.org/confluence/display/MAVEN/DependencyResolutionException
[ERROR] 
[ERROR] After correcting the problems, you can resume the build with the command
[ERROR]   mvn <goals> -rf :todoService
